mode: set
github.com/anhthi-deep-dive/BE_go/2_foundation/1. string.go:5.23,23.2 12 0
github.com/anhthi-deep-dive/BE_go/2_foundation/10. non-wrapper-pointers.go:10.76,14.2 1 0
github.com/anhthi-deep-dive/BE_go/2_foundation/10. non-wrapper-pointers.go:16.45,18.2 1 0
github.com/anhthi-deep-dive/BE_go/2_foundation/10. non-wrapper-pointers.go:20.28,33.2 7 0
github.com/anhthi-deep-dive/BE_go/2_foundation/11. pointers.go:9.31,11.2 1 0
github.com/anhthi-deep-dive/BE_go/2_foundation/11. pointers.go:13.24,20.2 5 0
github.com/anhthi-deep-dive/BE_go/2_foundation/12. struct.go:20.43,35.2 3 0
github.com/anhthi-deep-dive/BE_go/2_foundation/12. struct.go:37.23,42.2 3 0
github.com/anhthi-deep-dive/BE_go/2_foundation/13. receiver-function.go:13.32,24.2 2 0
github.com/anhthi-deep-dive/BE_go/2_foundation/13. receiver-function.go:27.31,31.34 3 0
github.com/anhthi-deep-dive/BE_go/2_foundation/13. receiver-function.go:31.34,34.3 2 0
github.com/anhthi-deep-dive/BE_go/2_foundation/13. receiver-function.go:36.2,38.11 3 0
github.com/anhthi-deep-dive/BE_go/2_foundation/13. receiver-function.go:41.39,43.2 1 0
github.com/anhthi-deep-dive/BE_go/2_foundation/13. receiver-function.go:45.52,47.2 1 0
github.com/anhthi-deep-dive/BE_go/2_foundation/13. receiver-function.go:49.33,54.2 4 0
github.com/anhthi-deep-dive/BE_go/2_foundation/14. interface.go:22.31,24.2 1 0
github.com/anhthi-deep-dive/BE_go/2_foundation/14. interface.go:26.32,27.19 1 0
github.com/anhthi-deep-dive/BE_go/2_foundation/14. interface.go:27.19,29.3 1 0
github.com/anhthi-deep-dive/BE_go/2_foundation/14. interface.go:31.2,31.33 1 0
github.com/anhthi-deep-dive/BE_go/2_foundation/14. interface.go:42.37,44.2 1 0
github.com/anhthi-deep-dive/BE_go/2_foundation/14. interface.go:46.38,47.19 1 0
github.com/anhthi-deep-dive/BE_go/2_foundation/14. interface.go:47.19,49.3 1 0
github.com/anhthi-deep-dive/BE_go/2_foundation/14. interface.go:51.2,51.38 1 0
github.com/anhthi-deep-dive/BE_go/2_foundation/14. interface.go:56.32,58.2 1 0
github.com/anhthi-deep-dive/BE_go/2_foundation/14. interface.go:60.26,75.2 4 0
github.com/anhthi-deep-dive/BE_go/2_foundation/15. user-input.go:10.63,15.2 3 0
github.com/anhthi-deep-dive/BE_go/2_foundation/15. user-input.go:17.24,26.2 5 0
github.com/anhthi-deep-dive/BE_go/2_foundation/15. user-input.go:28.29,32.2 3 0
github.com/anhthi-deep-dive/BE_go/2_foundation/15. user-input.go:34.26,37.2 2 0
github.com/anhthi-deep-dive/BE_go/2_foundation/16. channel.go:13.36,16.2 2 0
github.com/anhthi-deep-dive/BE_go/2_foundation/16. channel.go:18.39,21.2 2 0
github.com/anhthi-deep-dive/BE_go/2_foundation/16. channel.go:23.24,31.2 5 0
github.com/anhthi-deep-dive/BE_go/2_foundation/17. defer.go:3.23,3.24 0 0
github.com/anhthi-deep-dive/BE_go/2_foundation/18. currency.go:3.26,3.27 0 0
github.com/anhthi-deep-dive/BE_go/2_foundation/19. read-write-json.go:32.17,36.16 3 0
github.com/anhthi-deep-dive/BE_go/2_foundation/19. read-write-json.go:36.16,38.3 1 0
github.com/anhthi-deep-dive/BE_go/2_foundation/19. read-write-json.go:40.2,40.40 1 0
github.com/anhthi-deep-dive/BE_go/2_foundation/19. read-write-json.go:43.18,61.18 3 0
github.com/anhthi-deep-dive/BE_go/2_foundation/19. read-write-json.go:61.18,63.3 1 0
github.com/anhthi-deep-dive/BE_go/2_foundation/19. read-write-json.go:65.2,65.48 1 0
github.com/anhthi-deep-dive/BE_go/2_foundation/19. read-write-json.go:68.23,71.2 2 0
github.com/anhthi-deep-dive/BE_go/2_foundation/2. number.go:5.23,41.2 14 0
github.com/anhthi-deep-dive/BE_go/2_foundation/20. testing.go:8.44,11.12 2 1
github.com/anhthi-deep-dive/BE_go/2_foundation/20. testing.go:11.12,13.3 1 1
github.com/anhthi-deep-dive/BE_go/2_foundation/20. testing.go:15.2,16.20 2 1
github.com/anhthi-deep-dive/BE_go/2_foundation/20. testing.go:19.24,22.16 2 0
github.com/anhthi-deep-dive/BE_go/2_foundation/20. testing.go:22.16,25.3 2 0
github.com/anhthi-deep-dive/BE_go/2_foundation/20. testing.go:27.2,27.48 1 0
github.com/anhthi-deep-dive/BE_go/2_foundation/3. map.go:17.20,41.2 8 0
github.com/anhthi-deep-dive/BE_go/2_foundation/4. array.go:9.22,18.2 7 0
github.com/anhthi-deep-dive/BE_go/2_foundation/5. slice.go:12.22,30.2 12 0
github.com/anhthi-deep-dive/BE_go/2_foundation/6. loop.go:5.21,8.12 2 0
github.com/anhthi-deep-dive/BE_go/2_foundation/6. loop.go:8.12,11.3 2 0
github.com/anhthi-deep-dive/BE_go/2_foundation/6. loop.go:13.2,16.34 3 0
github.com/anhthi-deep-dive/BE_go/2_foundation/6. loop.go:16.34,18.3 1 0
github.com/anhthi-deep-dive/BE_go/2_foundation/6. loop.go:20.2,22.34 2 0
github.com/anhthi-deep-dive/BE_go/2_foundation/6. loop.go:22.34,24.3 1 0
github.com/anhthi-deep-dive/BE_go/2_foundation/6. loop.go:26.2,28.34 2 0
github.com/anhthi-deep-dive/BE_go/2_foundation/6. loop.go:28.34,30.3 1 0
github.com/anhthi-deep-dive/BE_go/2_foundation/6. loop.go:32.2,40.40 3 0
github.com/anhthi-deep-dive/BE_go/2_foundation/6. loop.go:40.40,42.3 1 0
github.com/anhthi-deep-dive/BE_go/2_foundation/7. boolean.go:5.24,12.2 5 0
github.com/anhthi-deep-dive/BE_go/2_foundation/8. condition.go:5.26,8.16 2 0
github.com/anhthi-deep-dive/BE_go/2_foundation/8. condition.go:8.16,10.3 1 0
github.com/anhthi-deep-dive/BE_go/2_foundation/8. condition.go:10.8,10.21 1 0
github.com/anhthi-deep-dive/BE_go/2_foundation/8. condition.go:10.21,12.3 1 0
github.com/anhthi-deep-dive/BE_go/2_foundation/8. condition.go:12.8,14.3 1 0
github.com/anhthi-deep-dive/BE_go/2_foundation/9. function.go:11.28,13.2 1 0
github.com/anhthi-deep-dive/BE_go/2_foundation/9. function.go:15.45,16.26 1 0
github.com/anhthi-deep-dive/BE_go/2_foundation/9. function.go:16.26,18.3 1 0
github.com/anhthi-deep-dive/BE_go/2_foundation/9. function.go:21.32,23.2 1 0
github.com/anhthi-deep-dive/BE_go/2_foundation/9. function.go:25.55,28.2 2 0
github.com/anhthi-deep-dive/BE_go/2_foundation/9. function.go:30.25,40.2 9 0
